<?xml version="1.0" encoding="UTF-8"?>
<testng-results skipped="0" failed="0" total="3" passed="3">
  <reporter-output>
  </reporter-output>
  <suite name="Default suite" duration-ms="5047" started-at="2019-05-15T16:45:10Z" finished-at="2019-05-15T16:45:15Z">
    <groups>
    </groups>
    <test name="Default test" duration-ms="5047" started-at="2019-05-15T16:45:10Z" finished-at="2019-05-15T16:45:15Z">
      <class name="testNG_1.annotationTest">
        <test-method status="PASS" signature="beforeSuite()[pri:0, instance:testNG_1.annotationTest@6093dd95]" name="beforeSuite" is-config="true" duration-ms="10" started-at="2019-05-15T22:15:10Z" finished-at="2019-05-15T22:15:10Z">
          <reporter-output>
          </reporter-output>
        </test-method> <!-- beforeSuite -->
        <test-method status="PASS" signature="beforeTest()[pri:0, instance:testNG_1.annotationTest@6093dd95]" name="beforeTest" is-config="true" duration-ms="0" started-at="2019-05-15T22:15:10Z" finished-at="2019-05-15T22:15:10Z">
          <reporter-output>
          </reporter-output>
        </test-method> <!-- beforeTest -->
        <test-method status="PASS" signature="beforeClass()[pri:0, instance:testNG_1.annotationTest@6093dd95]" name="beforeClass" is-config="true" duration-ms="1" started-at="2019-05-15T22:15:10Z" finished-at="2019-05-15T22:15:10Z">
          <reporter-output>
          </reporter-output>
        </test-method> <!-- beforeClass -->
        <test-method status="PASS" signature="beforeMethod()[pri:0, instance:testNG_1.annotationTest@6093dd95]" name="beforeMethod" is-config="true" duration-ms="4" started-at="2019-05-15T22:15:10Z" finished-at="2019-05-15T22:15:10Z">
          <reporter-output>
          </reporter-output>
        </test-method> <!-- beforeMethod -->
        <test-method status="PASS" signature="f()[pri:0, instance:testNG_1.annotationTest@6093dd95]" name="f" duration-ms="8" started-at="2019-05-15T22:15:10Z" finished-at="2019-05-15T22:15:10Z">
          <reporter-output>
          </reporter-output>
        </test-method> <!-- f -->
        <test-method status="PASS" signature="afterMethod()[pri:0, instance:testNG_1.annotationTest@6093dd95]" name="afterMethod" is-config="true" duration-ms="1" started-at="2019-05-15T22:15:10Z" finished-at="2019-05-15T22:15:10Z">
          <reporter-output>
          </reporter-output>
        </test-method> <!-- afterMethod -->
        <test-method status="PASS" signature="beforeMethod()[pri:0, instance:testNG_1.annotationTest@6093dd95]" name="beforeMethod" is-config="true" duration-ms="1" started-at="2019-05-15T22:15:10Z" finished-at="2019-05-15T22:15:10Z">
          <reporter-output>
          </reporter-output>
        </test-method> <!-- beforeMethod -->
        <test-method status="PASS" signature="f1()[pri:0, instance:testNG_1.annotationTest@6093dd95]" name="f1" duration-ms="1" started-at="2019-05-15T22:15:10Z" finished-at="2019-05-15T22:15:10Z">
          <reporter-output>
          </reporter-output>
        </test-method> <!-- f1 -->
        <test-method status="PASS" signature="afterMethod()[pri:0, instance:testNG_1.annotationTest@6093dd95]" name="afterMethod" is-config="true" duration-ms="0" started-at="2019-05-15T22:15:10Z" finished-at="2019-05-15T22:15:10Z">
          <reporter-output>
          </reporter-output>
        </test-method> <!-- afterMethod -->
        <test-method status="PASS" signature="beforeMethod()[pri:0, instance:testNG_1.annotationTest@6093dd95]" name="beforeMethod" is-config="true" duration-ms="0" started-at="2019-05-15T22:15:10Z" finished-at="2019-05-15T22:15:10Z">
          <reporter-output>
          </reporter-output>
        </test-method> <!-- beforeMethod -->
        <test-method status="PASS" signature="f2()[pri:0, instance:testNG_1.annotationTest@6093dd95]" name="f2" duration-ms="1" started-at="2019-05-15T22:15:10Z" finished-at="2019-05-15T22:15:10Z">
          <reporter-output>
          </reporter-output>
        </test-method> <!-- f2 -->
        <test-method status="PASS" signature="afterClass()[pri:0, instance:testNG_1.annotationTest@6093dd95]" name="afterClass" is-config="true" duration-ms="1" started-at="2019-05-15T22:15:10Z" finished-at="2019-05-15T22:15:10Z">
          <reporter-output>
          </reporter-output>
        </test-method> <!-- afterClass -->
        <test-method status="PASS" signature="afterMethod()[pri:0, instance:testNG_1.annotationTest@6093dd95]" name="afterMethod" is-config="true" duration-ms="0" started-at="2019-05-15T22:15:10Z" finished-at="2019-05-15T22:15:10Z">
          <reporter-output>
          </reporter-output>
        </test-method> <!-- afterMethod -->
        <test-method status="PASS" signature="afterTest()[pri:0, instance:testNG_1.annotationTest@6093dd95]" name="afterTest" is-config="true" duration-ms="5003" started-at="2019-05-15T22:15:10Z" finished-at="2019-05-15T22:15:15Z">
          <reporter-output>
          </reporter-output>
        </test-method> <!-- afterTest -->
        <test-method status="PASS" signature="afterSuite()[pri:0, instance:testNG_1.annotationTest@6093dd95]" name="afterSuite" is-config="true" duration-ms="0" started-at="2019-05-15T22:15:15Z" finished-at="2019-05-15T22:15:15Z">
          <reporter-output>
          </reporter-output>
        </test-method> <!-- afterSuite -->
      </class> <!-- testNG_1.annotationTest -->
    </test> <!-- Default test -->
  </suite> <!-- Default suite -->
</testng-results>
