<?xml version="1.0" encoding="UTF-8"?>
<testng-results skipped="0" failed="1" total="4" passed="3">
  <reporter-output>
  </reporter-output>
  <suite name="Suite" duration-ms="43940" started-at="2019-05-24T03:48:37Z" finished-at="2019-05-24T03:49:21Z">
    <groups>
    </groups>
    <test name="Test" duration-ms="8124" started-at="2019-05-24T03:48:37Z" finished-at="2019-05-24T03:48:45Z">
      <class name="DeepakAcademy.DeepakE2EProject.validateLandingPage">
        <test-method status="PASS" signature="basePageNavigation()[pri:0, instance:DeepakAcademy.DeepakE2EProject.validateLandingPage@5158b42f]" name="basePageNavigation" duration-ms="6540" started-at="2019-05-24T09:18:37Z" finished-at="2019-05-24T09:18:43Z">
          <reporter-output>
          </reporter-output>
        </test-method> <!-- basePageNavigation -->
        <test-method status="PASS" signature="tearDown()[pri:0, instance:DeepakAcademy.DeepakE2EProject.validateLandingPage@5158b42f]" name="tearDown" is-config="true" duration-ms="1563" started-at="2019-05-24T09:18:43Z" finished-at="2019-05-24T09:18:45Z">
          <reporter-output>
          </reporter-output>
        </test-method> <!-- tearDown -->
      </class> <!-- DeepakAcademy.DeepakE2EProject.validateLandingPage -->
    </test> <!-- Test -->
    <test name="Test1" duration-ms="7242" started-at="2019-05-24T03:48:45Z" finished-at="2019-05-24T03:48:52Z">
      <class name="DeepakAcademy.DeepakE2EProject.validateLandingPageTitle">
        <test-method status="FAIL" signature="basePageNavigation()[pri:0, instance:DeepakAcademy.DeepakE2EProject.validateLandingPageTitle@747ddf94]" name="basePageNavigation" duration-ms="5576" started-at="2019-05-24T09:18:45Z" finished-at="2019-05-24T09:18:51Z">
          <exception class="junit.framework.ComparisonFailure">
            <message>
              <![CDATA[expected:<......> but was:<...A...>]]>
            </message>
            <full-stacktrace>
              <![CDATA[junit.framework.ComparisonFailure: expected:<......> but was:<...A...>
	at junit.framework.Assert.assertEquals(Assert.java:81)
	at junit.framework.Assert.assertEquals(Assert.java:87)
	at DeepakAcademy.DeepakE2EProject.validateLandingPageTitle.basePageNavigation(validateLandingPageTitle.java:38)
	at sun.reflect.NativeMethodAccessorImpl.invoke0(Native Method)
	at sun.reflect.NativeMethodAccessorImpl.invoke(NativeMethodAccessorImpl.java:62)
	at sun.reflect.DelegatingMethodAccessorImpl.invoke(DelegatingMethodAccessorImpl.java:43)
	at java.lang.reflect.Method.invoke(Method.java:498)
	at org.testng.internal.MethodInvocationHelper.invokeMethod(MethodInvocationHelper.java:80)
	at org.testng.internal.Invoker.invokeMethod(Invoker.java:714)
	at org.testng.internal.Invoker.invokeTestMethod(Invoker.java:901)
	at org.testng.internal.Invoker.invokeTestMethods(Invoker.java:1231)
	at org.testng.internal.TestMethodWorker.invokeTestMethods(TestMethodWorker.java:127)
	at org.testng.internal.TestMethodWorker.run(TestMethodWorker.java:111)
	at org.testng.TestRunner.privateRun(TestRunner.java:767)
	at org.testng.TestRunner.run(TestRunner.java:617)
	at org.testng.SuiteRunner.runTest(SuiteRunner.java:334)
	at org.testng.SuiteRunner.runSequentially(SuiteRunner.java:329)
	at org.testng.SuiteRunner.privateRun(SuiteRunner.java:291)
	at org.testng.SuiteRunner.run(SuiteRunner.java:240)
	at org.testng.SuiteRunnerWorker.runSuite(SuiteRunnerWorker.java:52)
	at org.testng.SuiteRunnerWorker.run(SuiteRunnerWorker.java:86)
	at org.testng.TestNG.runSuitesSequentially(TestNG.java:1198)
	at org.testng.TestNG.runSuitesLocally(TestNG.java:1123)
	at org.testng.TestNG.run(TestNG.java:1031)
	at org.testng.remote.AbstractRemoteTestNG.run(AbstractRemoteTestNG.java:132)
	at org.testng.remote.RemoteTestNG.initAndRun(RemoteTestNG.java:236)
	at org.testng.remote.RemoteTestNG.main(RemoteTestNG.java:81)
]]>
            </full-stacktrace>
          </exception> <!-- junit.framework.ComparisonFailure -->
          <reporter-output>
          </reporter-output>
        </test-method> <!-- basePageNavigation -->
        <test-method status="PASS" signature="tearDown()[pri:0, instance:DeepakAcademy.DeepakE2EProject.validateLandingPageTitle@747ddf94]" name="tearDown" is-config="true" duration-ms="1109" started-at="2019-05-24T09:18:51Z" finished-at="2019-05-24T09:18:52Z">
          <reporter-output>
          </reporter-output>
        </test-method> <!-- tearDown -->
      </class> <!-- DeepakAcademy.DeepakE2EProject.validateLandingPageTitle -->
    </test> <!-- Test1 -->
    <test name="Test11" duration-ms="28445" started-at="2019-05-24T03:48:52Z" finished-at="2019-05-24T03:49:21Z">
      <class name="DeepakAcademy.DeepakE2EProject.homePage">
        <test-method status="PASS" signature="basePageNavigation(java.lang.String, java.lang.String, java.lang.String)[pri:0, instance:DeepakAcademy.DeepakE2EProject.homePage@6aeb35e6]" name="basePageNavigation" duration-ms="12178" started-at="2019-05-24T09:18:52Z" data-provider="testData" finished-at="2019-05-24T09:19:05Z">
          <params>
            <param index="0">
              <value>
                <![CDATA[deepak.dm@tcs.com]]>
              </value>
            </param>
            <param index="1">
              <value>
                <![CDATA[pwd@123]]>
              </value>
            </param>
            <param index="2">
              <value>
                <![CDATA[http://www.qaclickacademy.com]]>
              </value>
            </param>
          </params>
          <reporter-output>
          </reporter-output>
        </test-method> <!-- basePageNavigation -->
        <test-method status="PASS" signature="basePageNavigation(java.lang.String, java.lang.String, java.lang.String)[pri:0, instance:DeepakAcademy.DeepakE2EProject.homePage@6aeb35e6]" name="basePageNavigation" duration-ms="15052" started-at="2019-05-24T09:19:05Z" data-provider="testData" finished-at="2019-05-24T09:19:20Z">
          <params>
            <param index="0">
              <value>
                <![CDATA[deepakdm2016@gmail.com]]>
              </value>
            </param>
            <param index="1">
              <value>
                <![CDATA[pwdd@123]]>
              </value>
            </param>
            <param index="2">
              <value>
                <![CDATA[http://www.qaclickacademy.com]]>
              </value>
            </param>
          </params>
          <reporter-output>
          </reporter-output>
        </test-method> <!-- basePageNavigation -->
        <test-method status="PASS" signature="tearDown()[pri:0, instance:DeepakAcademy.DeepakE2EProject.homePage@6aeb35e6]" name="tearDown" is-config="true" duration-ms="1205" started-at="2019-05-24T09:19:20Z" finished-at="2019-05-24T09:19:21Z">
          <reporter-output>
          </reporter-output>
        </test-method> <!-- tearDown -->
      </class> <!-- DeepakAcademy.DeepakE2EProject.homePage -->
    </test> <!-- Test11 -->
  </suite> <!-- Suite -->
</testng-results>
