<?xml version="1.0" encoding="UTF-8"?>
<testng-results skipped="0" failed="0" total="1" passed="1">
  <reporter-output>
  </reporter-output>
  <suite name="Default suite" duration-ms="5571" started-at="2019-05-21T15:47:32Z" finished-at="2019-05-21T15:47:37Z">
    <groups>
    </groups>
    <test name="Default test" duration-ms="5571" started-at="2019-05-21T15:47:32Z" finished-at="2019-05-21T15:47:37Z">
      <class name="googlePlaceAPI.getPlaceDetails">
        <test-method status="PASS" signature="restTest()[pri:0, instance:googlePlaceAPI.getPlaceDetails@204f30ec]" name="restTest" duration-ms="5529" started-at="2019-05-21T21:17:32Z" finished-at="2019-05-21T21:17:37Z">
          <reporter-output>
          </reporter-output>
        </test-method> <!-- restTest -->
      </class> <!-- googlePlaceAPI.getPlaceDetails -->
    </test> <!-- Default test -->
  </suite> <!-- Default suite -->
</testng-results>
