<?xml version="1.0" encoding="UTF-8"?>
<!-- Generated by org.testng.reporters.JUnitXMLReporter -->
<testsuite hostname="DESKTOP-CFCNF77" name="Test" tests="5" failures="0" timestamp="2 Jun 2019 23:50:52 GMT" time="239.898" errors="0">
  <testcase name="basicTest" time="42.876" classname="AndroidTestSimulator.simulatorAndroid"/>
  <testcase name="longPress" time="66.423" classname="AndroidTestSimulator.simulatorAndroid"/>
  <testcase name="swipeTest" time="46.3" classname="AndroidTestSimulator.simulatorAndroid"/>
  <testcase name="testClock" time="48.491" classname="AndroidTestSimulator.simulatorAndroid"/>
  <testcase name="testDragAndDrop" time="35.755" classname="AndroidTestSimulator.simulatorAndroid"/>
</testsuite> <!-- Test -->
