<?xml version="1.0" encoding="UTF-8"?>
<testng-results skipped="0" failed="0" total="1" passed="1">
  <reporter-output>
  </reporter-output>
  <suite name="Suite" duration-ms="867" started-at="2019-04-30T01:19:30Z" finished-at="2019-04-30T01:19:31Z">
    <groups>
      <group name="cucumber">
        <method signature="AbstractTestNGCucumberTests.feature(cucumber.api.testng.CucumberFeatureWrapper)[pri:0, instance:CucumberOptions.TestRunner@73f792cf]" name="feature" class="cucumber.api.testng.AbstractTestNGCucumberTests"/>
      </group> <!-- cucumber -->
    </groups>
    <test name="Test" duration-ms="867" started-at="2019-04-30T01:19:30Z" finished-at="2019-04-30T01:19:31Z">
      <class name="CucumberOptions.TestRunner">
        <test-method status="PASS" signature="setUpClass()[pri:0, instance:CucumberOptions.TestRunner@73f792cf]" name="setUpClass" is-config="true" duration-ms="477" started-at="2019-04-30T06:49:30Z" finished-at="2019-04-30T06:49:30Z">
          <reporter-output>
          </reporter-output>
        </test-method> <!-- setUpClass -->
        <test-method status="PASS" signature="feature(cucumber.api.testng.CucumberFeatureWrapper)[pri:0, instance:CucumberOptions.TestRunner@73f792cf]" name="feature" duration-ms="240" started-at="2019-04-30T06:49:30Z" description="Runs Cucumber Feature" data-provider="features" finished-at="2019-04-30T06:49:31Z">
          <params>
            <param index="0">
              <value>
                <![CDATA[Application Login]]>
              </value>
            </param>
          </params>
          <reporter-output>
          </reporter-output>
        </test-method> <!-- feature -->
        <test-method status="PASS" signature="tearDownClass()[pri:0, instance:CucumberOptions.TestRunner@73f792cf]" name="tearDownClass" is-config="true" duration-ms="8" started-at="2019-04-30T06:49:31Z" finished-at="2019-04-30T06:49:31Z">
          <reporter-output>
          </reporter-output>
        </test-method> <!-- tearDownClass -->
      </class> <!-- CucumberOptions.TestRunner -->
    </test> <!-- Test -->
  </suite> <!-- Suite -->
</testng-results>
