<?xml version="1.0" encoding="UTF-8"?>
<!-- Generated by org.testng.reporters.JUnitXMLReporter -->
<testsuite hostname="DESKTOP-CFCNF77" name="Test1" tests="1" failures="1" timestamp="24 May 2019 03:48:52 GMT" time="7.242" errors="0">
  <testcase name="basePageNavigation" time="5.576" classname="DeepakAcademy.DeepakE2EProject.validateLandingPageTitle">
    <failure type="junit.framework.ComparisonFailure" message="expected:&amp;lt;......&amp;gt; but was:&amp;lt;...A...&amp;gt;">
      <![CDATA[junit.framework.ComparisonFailure: expected:<......> but was:<...A...>
	at junit.framework.Assert.assertEquals(Assert.java:81)
	at junit.framework.Assert.assertEquals(Assert.java:87)
	at DeepakAcademy.DeepakE2EProject.validateLandingPageTitle.basePageNavigation(validateLandingPageTitle.java:38)
... Removed 24 stack frames]]>
    </failure>
  </testcase> <!-- basePageNavigation -->
</testsuite> <!-- Test1 -->
