<?xml version="1.0" encoding="UTF-8"?>
<!-- Generated by org.testng.reporters.JUnitXMLReporter -->
<testsuite hostname="DESKTOP-CFCNF77" name="Test" tests="3" failures="0" timestamp="25 May 2019 07:40:27 GMT" time="5.327" errors="0">
  <testcase name="addIssue" time="2.921" classname="restAPIRevision.addComment"/>
  <testcase name="getIssues" time="2.283" classname="restAPIRevision.getIssues"/>
  <testcase name="addComments" time="0.1" classname="restAPIRevision.addComment"/>
</testsuite> <!-- Test -->
