<?xml version="1.0" encoding="UTF-8"?>
<testng-results skipped="0" failed="0" total="9" passed="9">
  <reporter-output>
  </reporter-output>
  <suite name="Suite" duration-ms="61" started-at="2019-04-24T16:18:59Z" finished-at="2019-04-24T16:18:59Z">
    <groups>
      <group name="regression">
        <method signature="basicClass1.method1(java.lang.String)[pri:0, instance:test.basicClass1@3c756e4d]" name="method1" class="test.basicClass1"/>
        <method signature="basicClass2.method1()[pri:0, instance:test.basicClass2@402f32ff]" name="method1" class="test.basicClass2"/>
        <method signature="basicClass2.method2(int, int, int)[pri:0, instance:test.basicClass2@402f32ff]" name="method2" class="test.basicClass2"/>
      </group> <!-- regression -->
      <group name="smoke">
        <method signature="basicClass1.method1(java.lang.String)[pri:0, instance:test.basicClass1@3c756e4d]" name="method1" class="test.basicClass1"/>
        <method signature="basicClass2.method2(int, int, int)[pri:0, instance:test.basicClass2@402f32ff]" name="method2" class="test.basicClass2"/>
      </group> <!-- smoke -->
      <group name="sanity">
        <method signature="basicClass1.method2()[pri:0, instance:test.basicClass1@3c756e4d]" name="method2" class="test.basicClass1"/>
      </group> <!-- sanity -->
    </groups>
    <test name="Test" duration-ms="61" started-at="2019-04-24T16:18:59Z" finished-at="2019-04-24T16:18:59Z">
      <class name="test.basicClass2">
        <test-method status="PASS" signature="method1()[pri:0, instance:test.basicClass2@402f32ff]" name="method1" duration-ms="2" started-at="2019-04-24T21:48:59Z" finished-at="2019-04-24T21:48:59Z">
          <reporter-output>
          </reporter-output>
        </test-method> <!-- method1 -->
        <test-method status="PASS" signature="method2(int, int, int)[pri:0, instance:test.basicClass2@402f32ff]" name="method2" duration-ms="2" started-at="2019-04-24T21:48:59Z" data-provider="method3" finished-at="2019-04-24T21:48:59Z">
          <params>
            <param index="0">
              <value>
                <![CDATA[1]]>
              </value>
            </param>
            <param index="1">
              <value>
                <![CDATA[2]]>
              </value>
            </param>
            <param index="2">
              <value>
                <![CDATA[3]]>
              </value>
            </param>
          </params>
          <reporter-output>
          </reporter-output>
        </test-method> <!-- method2 -->
        <test-method status="PASS" signature="method2(int, int, int)[pri:0, instance:test.basicClass2@402f32ff]" name="method2" duration-ms="2" started-at="2019-04-24T21:48:59Z" data-provider="method3" finished-at="2019-04-24T21:48:59Z">
          <params>
            <param index="0">
              <value>
                <![CDATA[2]]>
              </value>
            </param>
            <param index="1">
              <value>
                <![CDATA[4]]>
              </value>
            </param>
            <param index="2">
              <value>
                <![CDATA[6]]>
              </value>
            </param>
          </params>
          <reporter-output>
          </reporter-output>
        </test-method> <!-- method2 -->
      </class> <!-- test.basicClass2 -->
      <class name="test.basicClass1">
        <test-method status="PASS" signature="method1(java.lang.String)[pri:0, instance:test.basicClass1@3c756e4d]" name="method1" duration-ms="17" started-at="2019-04-24T21:48:59Z" finished-at="2019-04-24T21:48:59Z">
          <params>
            <param index="0">
              <value>
                <![CDATA[Bad]]>
              </value>
            </param>
          </params>
          <reporter-output>
          </reporter-output>
        </test-method> <!-- method1 -->
        <test-method status="PASS" signature="method2()[pri:0, instance:test.basicClass1@3c756e4d]" name="method2" duration-ms="2" started-at="2019-04-24T21:48:59Z" finished-at="2019-04-24T21:48:59Z">
          <reporter-output>
          </reporter-output>
        </test-method> <!-- method2 -->
      </class> <!-- test.basicClass1 -->
    </test> <!-- Test -->
    <test name="Test2" duration-ms="44" started-at="2019-04-24T16:18:59Z" finished-at="2019-04-24T16:18:59Z">
      <class name="test2.basicClass2">
        <test-method status="PASS" signature="method2()[pri:0, instance:test2.basicClass2@4520ebad]" name="method2" duration-ms="2" started-at="2019-04-24T21:48:59Z" finished-at="2019-04-24T21:48:59Z">
          <reporter-output>
          </reporter-output>
        </test-method> <!-- method2 -->
        <test-method status="PASS" signature="method1()[pri:0, instance:test2.basicClass2@4520ebad]" name="method1" duration-ms="1" started-at="2019-04-24T21:48:59Z" depends-on-methods="test2.basicClass2.method2" finished-at="2019-04-24T21:48:59Z">
          <reporter-output>
          </reporter-output>
        </test-method> <!-- method1 -->
      </class> <!-- test2.basicClass2 -->
      <class name="test2.basicClass1">
        <test-method status="PASS" signature="method1()[pri:0, instance:test2.basicClass1@58651fd0]" name="method1" duration-ms="10" started-at="2019-04-24T21:48:59Z" finished-at="2019-04-24T21:48:59Z">
          <reporter-output>
          </reporter-output>
        </test-method> <!-- method1 -->
        <test-method status="PASS" signature="method2()[pri:0, instance:test2.basicClass1@58651fd0]" name="method2" duration-ms="3" started-at="2019-04-24T21:48:59Z" finished-at="2019-04-24T21:48:59Z">
          <reporter-output>
          </reporter-output>
        </test-method> <!-- method2 -->
      </class> <!-- test2.basicClass1 -->
    </test> <!-- Test2 -->
  </suite> <!-- Suite -->
</testng-results>
