<?xml version="1.0" encoding="UTF-8"?>
<!-- Generated by org.testng.reporters.JUnitXMLReporter -->
<testsuite hostname="DESKTOP-CFCNF77" name="Test" tests="7" failures="0" timestamp="2 Jun 2019 00:31:46 GMT" time="0.068" errors="0">
  <testcase name="getNumberDoubleTest123" time="0.012" classname="test123.copy.testA"/>
  <testcase name="getNumberDoubleTest123" time="0.002" classname="test123.copy.testA"/>
  <testcase name="getNumberDoubleTest123" time="0.006" classname="test123.copy.testA"/>
  <testcase name="getNumberDoubleTest123" time="0.001" classname="test123.copy.testA"/>
  <testcase name="getNumberDoubleTest123" time="0.002" classname="test123.copy.testA"/>
  <testcase name="getNumber" time="0.001" classname="test123.testA"/>
  <testcase name="getNumberTest123" time="0.002" classname="test123.copy.testA"/>
</testsuite> <!-- Test -->
