<?xml version="1.0" encoding="UTF-8"?>
<!-- Generated by org.testng.reporters.JUnitXMLReporter -->
<testsuite hostname="DESKTOP-CFCNF77" name="TestNG_1(failed)" tests="2" failures="1" timestamp="14 May 2019 16:09:36 GMT" time="0.046" errors="0">
  <testcase name="testANG_3" time="0.012" classname="testNG_3.TestA"/>
  <testcase name="testA2NG_3" time="0.0" classname="testNG_3.TestA">
    <failure type="org.testng.TestNGException" message="
Data Provider public int[][] testNG_3.TestA.dataFeed() must return either Object[][] or Iterator&amp;lt;Object&amp;gt;[], not class [[I">
      <![CDATA[org.testng.TestNGException: 
Data Provider public int[][] testNG_3.TestA.dataFeed() must return either Object[][] or Iterator<Object>[], not class [[I
	at java.util.concurrent.ThreadPoolExecutor.runWorker(Unknown Source)
	at java.util.concurrent.ThreadPoolExecutor$Worker.run(Unknown Source)
	at java.lang.Thread.run(Unknown Source)
... Removed 7 stack frames]]>
    </failure>
  </testcase> <!-- testA2NG_3 -->
</testsuite> <!-- TestNG_1(failed) -->
