<?xml version="1.0" encoding="UTF-8"?>
<!-- Generated by org.testng.reporters.JUnitXMLReporter -->
<testsuite hostname="DESKTOP-CFCNF77" name="Default test" tests="6" failures="0" timestamp="24 May 2019 00:23:53 GMT" time="5.086" errors="0">
  <testcase name="addBook" time="3.066" classname="libraryAPIRevision.getBook"/>
  <testcase name="addBook" time="0.258" classname="libraryAPIRevision.getBook"/>
  <testcase name="addBook" time="0.237" classname="libraryAPIRevision.getBook"/>
  <testcase name="addBook" time="0.239" classname="libraryAPIRevision.getBook"/>
  <testcase name="addBook" time="0.26" classname="libraryAPIRevision.getBook"/>
  <testcase name="staticJson" time="0.956" classname="libraryAPIRevision.getBook"/>
</testsuite> <!-- Default test -->
