<?xml version="1.0" encoding="UTF-8"?>
<testng-results skipped="0" failed="0" total="1" passed="1">
  <reporter-output>
  </reporter-output>
  <suite name="Suite" duration-ms="62909" started-at="2019-04-30T04:08:41Z" finished-at="2019-04-30T04:09:44Z">
    <groups>
      <group name="cucumber">
        <method signature="AbstractTestNGCucumberTests.feature(cucumber.api.testng.CucumberFeatureWrapper)[pri:0, instance:CucumberOptions.TestRunner@4ebadd3d]" name="feature" class="cucumber.api.testng.AbstractTestNGCucumberTests"/>
      </group> <!-- cucumber -->
    </groups>
    <test name="Test" duration-ms="62909" started-at="2019-04-30T04:08:41Z" finished-at="2019-04-30T04:09:44Z">
      <class name="CucumberOptions.TestRunner">
        <test-method status="PASS" signature="setUpClass()[pri:0, instance:CucumberOptions.TestRunner@4ebadd3d]" name="setUpClass" is-config="true" duration-ms="703" started-at="2019-04-30T09:38:41Z" finished-at="2019-04-30T09:38:42Z">
          <reporter-output>
          </reporter-output>
        </test-method> <!-- setUpClass -->
        <test-method status="PASS" signature="feature(cucumber.api.testng.CucumberFeatureWrapper)[pri:0, instance:CucumberOptions.TestRunner@4ebadd3d]" name="feature" duration-ms="61983" started-at="2019-04-30T09:38:42Z" description="Runs Cucumber Feature" data-provider="features" finished-at="2019-04-30T09:39:44Z">
          <params>
            <param index="0">
              <value>
                <![CDATA[Login into Application]]>
              </value>
            </param>
          </params>
          <reporter-output>
          </reporter-output>
        </test-method> <!-- feature -->
        <test-method status="PASS" signature="tearDownClass()[pri:0, instance:CucumberOptions.TestRunner@4ebadd3d]" name="tearDownClass" is-config="true" duration-ms="0" started-at="2019-04-30T09:39:44Z" finished-at="2019-04-30T09:39:44Z">
          <reporter-output>
          </reporter-output>
        </test-method> <!-- tearDownClass -->
      </class> <!-- CucumberOptions.TestRunner -->
    </test> <!-- Test -->
  </suite> <!-- Suite -->
</testng-results>
