<?xml version="1.0" encoding="UTF-8"?>
<testng-results skipped="0" failed="0" total="5" passed="5">
  <reporter-output>
  </reporter-output>
  <suite name="Default suite" duration-ms="73085" started-at="2019-06-02T07:02:03Z" finished-at="2019-06-02T07:03:16Z">
    <groups>
    </groups>
    <test name="Default test" duration-ms="73085" started-at="2019-06-02T07:02:03Z" finished-at="2019-06-02T07:03:16Z">
      <class name="AndroidTestSimulator.simulatorAndroid">
        <test-method status="PASS" signature="basicTest()[pri:0, instance:AndroidTestSimulator.simulatorAndroid@55f3ddb1]" name="basicTest" duration-ms="19983" started-at="2019-06-02T12:32:03Z" finished-at="2019-06-02T12:32:23Z">
          <reporter-output>
          </reporter-output>
        </test-method> <!-- basicTest -->
        <test-method status="PASS" signature="longPress()[pri:0, instance:AndroidTestSimulator.simulatorAndroid@55f3ddb1]" name="longPress" duration-ms="13267" started-at="2019-06-02T12:32:23Z" finished-at="2019-06-02T12:32:37Z">
          <reporter-output>
          </reporter-output>
        </test-method> <!-- longPress -->
        <test-method status="PASS" signature="swipeTest()[pri:0, instance:AndroidTestSimulator.simulatorAndroid@55f3ddb1]" name="swipeTest" duration-ms="14978" started-at="2019-06-02T12:32:37Z" finished-at="2019-06-02T12:32:52Z">
          <reporter-output>
          </reporter-output>
        </test-method> <!-- swipeTest -->
        <test-method status="PASS" signature="testClock()[pri:0, instance:AndroidTestSimulator.simulatorAndroid@55f3ddb1]" name="testClock" duration-ms="13955" started-at="2019-06-02T12:32:52Z" finished-at="2019-06-02T12:33:06Z">
          <reporter-output>
          </reporter-output>
        </test-method> <!-- testClock -->
        <test-method status="PASS" signature="testDragAndDrop()[pri:0, instance:AndroidTestSimulator.simulatorAndroid@55f3ddb1]" name="testDragAndDrop" duration-ms="10873" started-at="2019-06-02T12:33:06Z" finished-at="2019-06-02T12:33:16Z">
          <reporter-output>
          </reporter-output>
        </test-method> <!-- testDragAndDrop -->
      </class> <!-- AndroidTestSimulator.simulatorAndroid -->
    </test> <!-- Default test -->
  </suite> <!-- Default suite -->
</testng-results>
