<?xml version="1.0" encoding="UTF-8"?>
<!-- Generated by org.testng.reporters.JUnitXMLReporter -->
<testsuite hostname="DESKTOP-CFCNF77" name="TestNG_1(failed)(failed)" tests="5" failures="0" timestamp="14 May 2019 16:10:24 GMT" time="0.078" errors="0">
  <testcase name="testANG_3" time="0.013" classname="testNG_3.TestA"/>
  <testcase name="testA2NG_3" time="0.005" classname="testNG_3.TestA"/>
  <testcase name="testA2NG_3" time="0.004" classname="testNG_3.TestA"/>
  <testcase name="testA2NG_3" time="0.005" classname="testNG_3.TestA"/>
  <testcase name="testA2NG_3" time="0.001" classname="testNG_3.TestA"/>
</testsuite> <!-- TestNG_1(failed)(failed) -->
