<?xml version="1.0" encoding="UTF-8"?>
<!-- Generated by org.testng.reporters.JUnitXMLReporter -->
<testsuite hostname="DESKTOP-CFCNF77" name="Test" tests="4" failures="0" timestamp="14 May 2019 13:42:06 GMT" time="0.07" errors="0">
  <testcase name="testANG_1" time="0.012" classname="testNG_1.TestA"/>
  <testcase name="testBNG_1" time="0.003" classname="testNG_1.TestB"/>
  <testcase name="testANG_2" time="0.004" classname="testNG_2.TestA"/>
  <testcase name="testBNG_2" time="0.005" classname="testNG_2.TestB"/>
</testsuite> <!-- Test -->
