<?xml version="1.0" encoding="UTF-8"?>
<!-- Generated by org.testng.reporters.JUnitXMLReporter -->
<testsuite hostname="DESKTOP-CFCNF77" name="TestNG_1" tests="16" failures="0" timestamp="15 May 2019 00:00:03 GMT" time="5.247" errors="0">
  <testcase name="f" time="0.024" classname="testNG_1.annotationTest"/>
  <testcase name="f1" time="0.006" classname="testNG_1.annotationTest"/>
  <testcase name="f2" time="0.004" classname="testNG_1.annotationTest"/>
  <testcase name="testA3NG_1" time="0.003" classname="testNG_1.TestA"/>
  <testcase name="testANG_1" time="0.005" classname="testNG_1.TestA"/>
  <testcase name="testA3NG_3" time="0.004" classname="testNG_3.TestA"/>
  <testcase name="testANG_3" time="0.003" classname="testNG_3.TestA"/>
  <testcase name="testBNG_1" time="0.007" classname="testNG_1.TestB"/>
  <testcase name="testBNG_3" time="0.005" classname="testNG_3.TestB"/>
  <testcase name="testANG_2" time="0.002" classname="testNG_2.TestA"/>
  <testcase name="testBNG_2" time="0.002" classname="testNG_2.TestB"/>
  <testcase name="testA2NG_1" time="0.017" classname="testNG_1.TestA"/>
  <testcase name="testA2NG_3" time="0.002" classname="testNG_3.TestA"/>
  <testcase name="testA2NG_3" time="0.002" classname="testNG_3.TestA"/>
  <testcase name="testA2NG_3" time="0.006" classname="testNG_3.TestA"/>
  <testcase name="testA2NG_3" time="0.002" classname="testNG_3.TestA"/>
</testsuite> <!-- TestNG_1 -->
