<?xml version="1.0" encoding="UTF-8"?>
<!-- Generated by org.testng.reporters.JUnitXMLReporter -->
<testsuite hostname="DESKTOP-CFCNF77" name="Test" tests="13" failures="0" timestamp="14 May 2019 00:59:08 GMT" time="4.261" errors="0">
  <testcase name="testData" time="2.373" classname="restAssured.Post_xml"/>
  <testcase name="jiraAPI" time="0.492" classname="jiraAPI.jiraBasics_comment"/>
  <testcase name="addAndDelete" time="0.49" classname="restAssured.PostDelete"/>
  <testcase name="testData" time="0.118" classname="restAssured.Post"/>
  <testcase name="dynamicJson" time="0.118" classname="libraryAPI.staticJson"/>
  <testcase name="seleniumAutomation" time="0.001" classname="DeepakAcademy.mavenRevision.SeleniumTest"/>
  <testcase name="webAutomation" time="0.001" classname="DeepakAcademy.mavenRevision.SeleniumTest"/>
  <testcase name="restAPIAutomation" time="0.001" classname="DeepakAcademy.mavenRevision.RestTest"/>
  <testcase name="restAutomation" time="0.001" classname="DeepakAcademy.mavenRevision.RestTest"/>
  <testcase name="jiraAPI" time="0.244" classname="jiraAPI.jiraBasics"/>
  <testcase name="jiraAPI" time="0.341" classname="jiraAPI.jiraBasics_comment_updated"/>
  <testcase name="androidAutomation" time="0.002" classname="DeepakAcademy.mavenRevision.AppiumTest"/>
  <testcase name="iosAutomation" time="0.001" classname="DeepakAcademy.mavenRevision.AppiumTest"/>
</testsuite> <!-- Test -->
